股票数量: 3189
🚀 激进龙头候选（连板起飞）：

002905.SZ ⭐ 165 | 🔥高爆发
002408.SZ ⭐ 150 | 🔥高爆发
002517.SZ ⭐ 150 | 🔥高爆发
003041.SZ ⭐ 150 | 🔥高爆发
600875.SH ⭐ 150 | 🔥高爆发
601058.SH ⭐ 150 | 🔥高爆发
601083.SH ⭐ 150 | 🔥高爆发
601100.SH ⭐ 150 | 🔥高爆发
601515.SH ⭐ 150 | 🔥高爆发
603949.SH ⭐ 150 | 🔥高爆发
600222.SH ⭐ 145 | 🔥高爆发
000788.SZ ⭐ 140 | 🔥高爆发
002307.SZ ⭐ 140 | 🔥高爆发
000705.SZ ⭐ 130 | 🔥高爆发
000917.SZ ⭐ 130 | 🔥高爆发

✅ 推送成功
✅ 交易日: 20260402
✅ 交易日: 20260401
✅ 交易日: 20260331
✅ 交易日: 20260330
✅ 交易日: 20260327
📅 最终交易日: ['20260327', '20260330', '20260331', '20260401', '20260402']
📥 拉取: 20260327
📥 拉取: 20260330
📥 拉取: 20260331
📥 拉取: 20260401
📥 拉取: 20260402
✅ 完成: 15910
股票数量: 3187
🚀 激进龙头候选（连板起飞）：

000762.SZ ⭐ 150 | 🔥高爆发
002597.SZ ⭐ 150 | 🔥高爆发
603477.SH ⭐ 150 | 🔥高爆发
002676.SZ ⭐ 140 | 🔥高爆发
002688.SZ ⭐ 140 | 🔥高爆发
600195.SH ⭐ 140 | 🔥高爆发
603333.SH ⭐ 140 | 🔥高爆发
001208.SZ ⭐ 130 | 🔥高爆发
002207.SZ ⭐ 130 | 🔥高爆发
603938.SH ⭐ 130 | 🔥高爆发
605296.SH ⭐ 130 | 🔥高爆发
000155.SZ ⭐ 125 | 🔥高爆发
001223.SZ ⭐ 125 | 🔥高爆发
001226.SZ ⭐ 125 | 🔥高爆发
002273.SZ ⭐ 125 | 🔥高爆发

✅ 推送成功
